2017-07-10 20:02:46 [scrapy.utils.log] INFO: Scrapy 1.4.0 started (bot: site_app_scraper)
2017-07-10 20:02:46 [scrapy.utils.log] INFO: Overridden settings: {'NEWSPIDER_MODULE': 'site_app_scraper.spiders', 'SPIDER_MODULES': ['site_app_scraper.spiders'], 'LOG_FILE': 'logs/default/news_spider/e05342d665c311e7aa6c6c71d9d2db93.log', 'BOT_NAME': 'site_app_scraper'}
2017-07-10 20:02:46 [scrapy.middleware] INFO: Enabled extensions:
['scrapy.extensions.memusage.MemoryUsage',
 'scrapy.extensions.logstats.LogStats',
 'scrapy.extensions.telnet.TelnetConsole',
 'scrapy.extensions.corestats.CoreStats']
2017-07-10 20:02:46 [scrapy.middleware] INFO: Enabled downloader middlewares:
['scrapy.downloadermiddlewares.httpauth.HttpAuthMiddleware',
 'scrapy.downloadermiddlewares.downloadtimeout.DownloadTimeoutMiddleware',
 'scrapy.downloadermiddlewares.defaultheaders.DefaultHeadersMiddleware',
 'scrapy.downloadermiddlewares.useragent.UserAgentMiddleware',
 'scrapy.downloadermiddlewares.retry.RetryMiddleware',
 'scrapy.downloadermiddlewares.redirect.MetaRefreshMiddleware',
 'scrapy.downloadermiddlewares.httpcompression.HttpCompressionMiddleware',
 'scrapy.downloadermiddlewares.redirect.RedirectMiddleware',
 'scrapy.downloadermiddlewares.cookies.CookiesMiddleware',
 'scrapy.downloadermiddlewares.httpproxy.HttpProxyMiddleware',
 'scrapy.downloadermiddlewares.stats.DownloaderStats']
2017-07-10 20:02:46 [scrapy.middleware] INFO: Enabled spider middlewares:
['scrapy.spidermiddlewares.httperror.HttpErrorMiddleware',
 'scrapy.spidermiddlewares.offsite.OffsiteMiddleware',
 'scrapy.spidermiddlewares.referer.RefererMiddleware',
 'scrapy.spidermiddlewares.urllength.UrlLengthMiddleware',
 'scrapy.spidermiddlewares.depth.DepthMiddleware']
2017-07-10 20:02:46 [scrapy.middleware] INFO: Enabled item pipelines:
['site_app_scraper.pipelines.SiteAppScraperPipeline']
2017-07-10 20:02:46 [scrapy.core.engine] INFO: Spider opened
2017-07-10 20:02:46 [scrapy.extensions.logstats] INFO: Crawled 0 pages (at 0 pages/min), scraped 0 items (at 0 items/min)
2017-07-10 20:02:46 [scrapy.extensions.telnet] DEBUG: Telnet console listening on 127.0.0.1:6023
2017-07-10 20:02:46 [scrapy.downloadermiddlewares.retry] DEBUG: Retrying <GET http://quotes.wsj.com/> (failed 1 times): DNS lookup failed: no results for hostname lookup: quotes.wsj.com.
2017-07-10 20:02:46 [scrapy.downloadermiddlewares.retry] DEBUG: Retrying <GET http://quotes.wsj.com/> (failed 2 times): DNS lookup failed: no results for hostname lookup: quotes.wsj.com.
2017-07-10 20:02:46 [scrapy.downloadermiddlewares.retry] DEBUG: Gave up retrying <GET http://quotes.wsj.com/> (failed 3 times): DNS lookup failed: no results for hostname lookup: quotes.wsj.com.
2017-07-10 20:02:47 [scrapy.core.scraper] ERROR: Error downloading <GET http://quotes.wsj.com/>
Traceback (most recent call last):
  File "/home/stephanie/anaconda2/lib/python2.7/site-packages/twisted/internet/defer.py", line 1384, in _inlineCallbacks
    result = result.throwExceptionIntoGenerator(g)
  File "/home/stephanie/anaconda2/lib/python2.7/site-packages/twisted/python/failure.py", line 393, in throwExceptionIntoGenerator
    return g.throw(self.type, self.value, self.tb)
  File "/home/stephanie/anaconda2/lib/python2.7/site-packages/scrapy/core/downloader/middleware.py", line 43, in process_request
    defer.returnValue((yield download_func(request=request,spider=spider)))
  File "/home/stephanie/anaconda2/lib/python2.7/site-packages/twisted/internet/defer.py", line 653, in _runCallbacks
    current.result = callback(current.result, *args, **kw)
  File "/home/stephanie/anaconda2/lib/python2.7/site-packages/twisted/internet/endpoints.py", line 954, in startConnectionAttempts
    "no results for hostname lookup: {}".format(self._hostStr)
DNSLookupError: DNS lookup failed: no results for hostname lookup: quotes.wsj.com.
2017-07-10 20:02:47 [scrapy.core.engine] INFO: Closing spider (finished)
2017-07-10 20:02:47 [scrapy.statscollectors] INFO: Dumping Scrapy stats:
{'downloader/exception_count': 3,
 'downloader/exception_type_count/twisted.internet.error.DNSLookupError': 3,
 'downloader/request_bytes': 636,
 'downloader/request_count': 3,
 'downloader/request_method_count/GET': 3,
 'finish_reason': 'finished',
 'finish_time': datetime.datetime(2017, 7, 10, 23, 2, 47, 148714),
 'log_count/DEBUG': 4,
 'log_count/ERROR': 1,
 'log_count/INFO': 7,
 'memusage/max': 58650624,
 'memusage/startup': 58650624,
 'retry/count': 2,
 'retry/max_reached': 1,
 'retry/reason_count/twisted.internet.error.DNSLookupError': 2,
 'scheduler/dequeued': 3,
 'scheduler/dequeued/memory': 3,
 'scheduler/enqueued': 3,
 'scheduler/enqueued/memory': 3,
 'start_time': datetime.datetime(2017, 7, 10, 23, 2, 46, 916819)}
2017-07-10 20:02:47 [scrapy.core.engine] INFO: Spider closed (finished)
